<?xml version="1.0" encoding="UTF-8"?>
<!-- Generated by org.testng.reporters.JUnitReportReporter -->
<testsuite hostname="ADITYA" failures="0" tests="1" name="driverFactory.AppTest" time="58.000" errors="0" timestamp="2024-08-16T07:48:52 CEST" skipped="0">
  <testcase classname="driverFactory.AppTest" name="kickStart" time="58.000"/>
</testsuite> <!-- driverFactory.AppTest -->
