<?xml version="1.0" encoding="UTF-8"?>
<!-- Generated by org.testng.reporters.JUnitReportReporter -->
<testsuite hostname="ADITYA" failures="0" tests="1" name="driverFactory.AppTest" time="83.539" errors="0" timestamp="2024-08-14T11:55:09 CEST" skipped="0">
  <testcase classname="driverFactory.AppTest" name="kickStart" time="83.539">
    <system-out>
      <![CDATA[Stock-000002641   Stock-000002641]]>
    </system-out>
  </testcase> <!-- kickStart -->
  <system-out>
    <![CDATA[Stock-000002641   Stock-000002641]]>
  </system-out>
</testsuite> <!-- driverFactory.AppTest -->
